<?xml version="1.0" encoding="UTF-8"?>
<testng-results ignored="0" total="1" passed="1" failed="0" skipped="0">
  <reporter-output>
  </reporter-output>
  <suite started-at="2025-05-22T12:27:36 IST" name="Default suite" finished-at="2025-05-22T12:27:44 IST" duration-ms="8003">
    <groups>
    </groups>
    <test started-at="2025-05-22T12:27:36 IST" name="Default test" finished-at="2025-05-22T12:27:44 IST" duration-ms="8003">
      <class name="tests.SauceDemoEndToEndTest">
        <test-method is-config="true" signature="setup()[pri:0, instance:tests.SauceDemoEndToEndTest@55fe41ea]" started-at="2025-05-22T12:27:36 IST" name="setup" finished-at="2025-05-22T12:27:41 IST" duration-ms="4812" status="PASS">
          <reporter-output>
          </reporter-output>
        </test-method> <!-- setup -->
        <test-method signature="endToEndSauceDemoTest()[pri:0, instance:tests.SauceDemoEndToEndTest@55fe41ea]" started-at="2025-05-22T12:27:41 IST" name="endToEndSauceDemoTest" finished-at="2025-05-22T12:27:44 IST" duration-ms="2713" status="PASS">
          <reporter-output>
          </reporter-output>
        </test-method> <!-- endToEndSauceDemoTest -->
        <test-method is-config="true" signature="tearDown()[pri:0, instance:tests.SauceDemoEndToEndTest@55fe41ea]" started-at="2025-05-22T12:27:44 IST" name="tearDown" finished-at="2025-05-22T12:27:44 IST" duration-ms="358" status="PASS">
          <reporter-output>
          </reporter-output>
        </test-method> <!-- tearDown -->
      </class> <!-- tests.SauceDemoEndToEndTest -->
    </test> <!-- Default test -->
  </suite> <!-- Default suite -->
</testng-results>
